[INFO  - 2016-01-20T19:27:10.148Z] GhostDriver - Main - running on port 33788
[INFO  - 2016-01-20T19:27:10.554Z] Session [cd10c7d0-bfab-11e5-ab67-e5dd2a5238b4] - page.settings - {"XSSAuditingEnabled":false,"javascriptCanCloseWindows":true,"javascriptCanOpenWindows":true,"javascriptEnabled":true,"loadImages":true,"localToRemoteUrlAccessEnabled":false,"userAgent":"Mozilla/5.0 (Windows NT 6.2; WOW64) AppleWebKit/534.34 (KHTML, like Gecko) PhantomJS/1.9.8 Safari/534.34","webSecurityEnabled":true}
[INFO  - 2016-01-20T19:27:10.554Z] Session [cd10c7d0-bfab-11e5-ab67-e5dd2a5238b4] - page.customHeaders:  - {}
[INFO  - 2016-01-20T19:27:10.555Z] Session [cd10c7d0-bfab-11e5-ab67-e5dd2a5238b4] - Session.negotiatedCapabilities - {"browserName":"phantomjs","version":"1.9.8","driverName":"ghostdriver","driverVersion":"1.1.0","platform":"windows-8-32bit","javascriptEnabled":true,"takesScreenshot":true,"handlesAlerts":false,"databaseEnabled":false,"locationContextEnabled":false,"applicationCacheEnabled":false,"browserConnectionEnabled":false,"cssSelectorsEnabled":true,"webStorageEnabled":false,"rotatable":false,"acceptSslCerts":false,"nativeEvents":true,"proxy":{"proxyType":"direct"}}
[INFO  - 2016-01-20T19:27:10.555Z] SessionManagerReqHand - _postNewSessionCommand - New Session Created: cd10c7d0-bfab-11e5-ab67-e5dd2a5238b4
[INFO  - 2016-01-20T19:27:11.351Z] ShutdownReqHand - _handle - About to shutdown
[INFO  - 2016-01-20T19:27:23.070Z] GhostDriver - Main - running on port 36342
[INFO  - 2016-01-20T19:27:23.620Z] Session [d4dbb6f0-bfab-11e5-8c94-53afcd19c3f1] - page.settings - {"XSSAuditingEnabled":false,"javascriptCanCloseWindows":true,"javascriptCanOpenWindows":true,"javascriptEnabled":true,"loadImages":true,"localToRemoteUrlAccessEnabled":false,"userAgent":"Mozilla/5.0 (Windows NT 6.2; WOW64) AppleWebKit/534.34 (KHTML, like Gecko) PhantomJS/1.9.8 Safari/534.34","webSecurityEnabled":true}
[INFO  - 2016-01-20T19:27:23.620Z] Session [d4dbb6f0-bfab-11e5-8c94-53afcd19c3f1] - page.customHeaders:  - {}
[INFO  - 2016-01-20T19:27:23.621Z] Session [d4dbb6f0-bfab-11e5-8c94-53afcd19c3f1] - Session.negotiatedCapabilities - {"browserName":"phantomjs","version":"1.9.8","driverName":"ghostdriver","driverVersion":"1.1.0","platform":"windows-8-32bit","javascriptEnabled":true,"takesScreenshot":true,"handlesAlerts":false,"databaseEnabled":false,"locationContextEnabled":false,"applicationCacheEnabled":false,"browserConnectionEnabled":false,"cssSelectorsEnabled":true,"webStorageEnabled":false,"rotatable":false,"acceptSslCerts":false,"nativeEvents":true,"proxy":{"proxyType":"direct"}}
[INFO  - 2016-01-20T19:27:23.621Z] SessionManagerReqHand - _postNewSessionCommand - New Session Created: d4dbb6f0-bfab-11e5-8c94-53afcd19c3f1
[INFO  - 2016-01-20T19:27:24.268Z] ShutdownReqHand - _handle - About to shutdown
[INFO  - 2016-01-20T19:27:39.100Z] GhostDriver - Main - running on port 18884
[INFO  - 2016-01-20T19:27:39.150Z] Session [de1d8ea0-bfab-11e5-b58f-eb9ef14bd43c] - page.settings - {"XSSAuditingEnabled":false,"javascriptCanCloseWindows":true,"javascriptCanOpenWindows":true,"javascriptEnabled":true,"loadImages":true,"localToRemoteUrlAccessEnabled":false,"userAgent":"Mozilla/5.0 (Windows NT 6.2; WOW64) AppleWebKit/534.34 (KHTML, like Gecko) PhantomJS/1.9.8 Safari/534.34","webSecurityEnabled":true}
[INFO  - 2016-01-20T19:27:39.150Z] Session [de1d8ea0-bfab-11e5-b58f-eb9ef14bd43c] - page.customHeaders:  - {}
[INFO  - 2016-01-20T19:27:39.150Z] Session [de1d8ea0-bfab-11e5-b58f-eb9ef14bd43c] - Session.negotiatedCapabilities - {"browserName":"phantomjs","version":"1.9.8","driverName":"ghostdriver","driverVersion":"1.1.0","platform":"windows-8-32bit","javascriptEnabled":true,"takesScreenshot":true,"handlesAlerts":false,"databaseEnabled":false,"locationContextEnabled":false,"applicationCacheEnabled":false,"browserConnectionEnabled":false,"cssSelectorsEnabled":true,"webStorageEnabled":false,"rotatable":false,"acceptSslCerts":false,"nativeEvents":true,"proxy":{"proxyType":"direct"}}
[INFO  - 2016-01-20T19:27:39.150Z] SessionManagerReqHand - _postNewSessionCommand - New Session Created: de1d8ea0-bfab-11e5-b58f-eb9ef14bd43c
[INFO  - 2016-01-20T19:27:39.772Z] ShutdownReqHand - _handle - About to shutdown
[INFO  - 2016-01-21T05:54:42.044Z] GhostDriver - Main - running on port 43055
[INFO  - 2016-01-21T05:54:42.219Z] Session [77356110-c003-11e5-8083-936591ae635a] - page.settings - {"XSSAuditingEnabled":false,"javascriptCanCloseWindows":true,"javascriptCanOpenWindows":true,"javascriptEnabled":true,"loadImages":true,"localToRemoteUrlAccessEnabled":false,"userAgent":"Mozilla/5.0 (Windows NT 6.2; WOW64) AppleWebKit/534.34 (KHTML, like Gecko) PhantomJS/1.9.8 Safari/534.34","webSecurityEnabled":true}
[INFO  - 2016-01-21T05:54:42.219Z] Session [77356110-c003-11e5-8083-936591ae635a] - page.customHeaders:  - {}
[INFO  - 2016-01-21T05:54:42.220Z] Session [77356110-c003-11e5-8083-936591ae635a] - Session.negotiatedCapabilities - {"browserName":"phantomjs","version":"1.9.8","driverName":"ghostdriver","driverVersion":"1.1.0","platform":"windows-8-32bit","javascriptEnabled":true,"takesScreenshot":true,"handlesAlerts":false,"databaseEnabled":false,"locationContextEnabled":false,"applicationCacheEnabled":false,"browserConnectionEnabled":false,"cssSelectorsEnabled":true,"webStorageEnabled":false,"rotatable":false,"acceptSslCerts":false,"nativeEvents":true,"proxy":{"proxyType":"direct"}}
[INFO  - 2016-01-21T05:54:42.220Z] SessionManagerReqHand - _postNewSessionCommand - New Session Created: 77356110-c003-11e5-8083-936591ae635a
[INFO  - 2016-01-21T05:54:49.055Z] ShutdownReqHand - _handle - About to shutdown
[INFO  - 2016-01-21T05:59:54.328Z] GhostDriver - Main - running on port 43641
[INFO  - 2016-01-21T05:59:54.804Z] Session [3184b110-c004-11e5-b59a-b98046f6886d] - page.settings - {"XSSAuditingEnabled":false,"javascriptCanCloseWindows":true,"javascriptCanOpenWindows":true,"javascriptEnabled":true,"loadImages":true,"localToRemoteUrlAccessEnabled":false,"userAgent":"Mozilla/5.0 (Windows NT 6.2; WOW64) AppleWebKit/534.34 (KHTML, like Gecko) PhantomJS/1.9.8 Safari/534.34","webSecurityEnabled":true}
[INFO  - 2016-01-21T05:59:54.804Z] Session [3184b110-c004-11e5-b59a-b98046f6886d] - page.customHeaders:  - {}
[INFO  - 2016-01-21T05:59:54.805Z] Session [3184b110-c004-11e5-b59a-b98046f6886d] - Session.negotiatedCapabilities - {"browserName":"phantomjs","version":"1.9.8","driverName":"ghostdriver","driverVersion":"1.1.0","platform":"windows-8-32bit","javascriptEnabled":true,"takesScreenshot":true,"handlesAlerts":false,"databaseEnabled":false,"locationContextEnabled":false,"applicationCacheEnabled":false,"browserConnectionEnabled":false,"cssSelectorsEnabled":true,"webStorageEnabled":false,"rotatable":false,"acceptSslCerts":false,"nativeEvents":true,"proxy":{"proxyType":"direct"}}
[INFO  - 2016-01-21T05:59:54.805Z] SessionManagerReqHand - _postNewSessionCommand - New Session Created: 3184b110-c004-11e5-b59a-b98046f6886d
[INFO  - 2016-01-21T05:59:55.639Z] ShutdownReqHand - _handle - About to shutdown
[INFO  - 2016-01-21T06:00:14.938Z] GhostDriver - Main - running on port 24453
[INFO  - 2016-01-21T06:00:15.400Z] Session [3dcc75c0-c004-11e5-8d1a-15b59ccf1ef5] - page.settings - {"XSSAuditingEnabled":false,"javascriptCanCloseWindows":true,"javascriptCanOpenWindows":true,"javascriptEnabled":true,"loadImages":true,"localToRemoteUrlAccessEnabled":false,"userAgent":"Mozilla/5.0 (Windows NT 6.2; WOW64) AppleWebKit/534.34 (KHTML, like Gecko) PhantomJS/1.9.8 Safari/534.34","webSecurityEnabled":true}
[INFO  - 2016-01-21T06:00:15.400Z] Session [3dcc75c0-c004-11e5-8d1a-15b59ccf1ef5] - page.customHeaders:  - {}
[INFO  - 2016-01-21T06:00:15.400Z] Session [3dcc75c0-c004-11e5-8d1a-15b59ccf1ef5] - Session.negotiatedCapabilities - {"browserName":"phantomjs","version":"1.9.8","driverName":"ghostdriver","driverVersion":"1.1.0","platform":"windows-8-32bit","javascriptEnabled":true,"takesScreenshot":true,"handlesAlerts":false,"databaseEnabled":false,"locationContextEnabled":false,"applicationCacheEnabled":false,"browserConnectionEnabled":false,"cssSelectorsEnabled":true,"webStorageEnabled":false,"rotatable":false,"acceptSslCerts":false,"nativeEvents":true,"proxy":{"proxyType":"direct"}}
[INFO  - 2016-01-21T06:00:15.400Z] SessionManagerReqHand - _postNewSessionCommand - New Session Created: 3dcc75c0-c004-11e5-8d1a-15b59ccf1ef5
[INFO  - 2016-01-21T06:00:16.487Z] ShutdownReqHand - _handle - About to shutdown
[INFO  - 2016-01-21T06:13:13.646Z] GhostDriver - Main - running on port 37252
[INFO  - 2016-01-21T06:13:14.163Z] Session [0df9f550-c006-11e5-b86d-0505619edb20] - page.settings - {"XSSAuditingEnabled":false,"javascriptCanCloseWindows":true,"javascriptCanOpenWindows":true,"javascriptEnabled":true,"loadImages":true,"localToRemoteUrlAccessEnabled":false,"userAgent":"Mozilla/5.0 (Windows NT 6.2; WOW64) AppleWebKit/534.34 (KHTML, like Gecko) PhantomJS/1.9.8 Safari/534.34","webSecurityEnabled":true}
[INFO  - 2016-01-21T06:13:14.163Z] Session [0df9f550-c006-11e5-b86d-0505619edb20] - page.customHeaders:  - {}
[INFO  - 2016-01-21T06:13:14.163Z] Session [0df9f550-c006-11e5-b86d-0505619edb20] - Session.negotiatedCapabilities - {"browserName":"phantomjs","version":"1.9.8","driverName":"ghostdriver","driverVersion":"1.1.0","platform":"windows-8-32bit","javascriptEnabled":true,"takesScreenshot":true,"handlesAlerts":false,"databaseEnabled":false,"locationContextEnabled":false,"applicationCacheEnabled":false,"browserConnectionEnabled":false,"cssSelectorsEnabled":true,"webStorageEnabled":false,"rotatable":false,"acceptSslCerts":false,"nativeEvents":true,"proxy":{"proxyType":"direct"}}
[INFO  - 2016-01-21T06:13:14.164Z] SessionManagerReqHand - _postNewSessionCommand - New Session Created: 0df9f550-c006-11e5-b86d-0505619edb20
[INFO  - 2016-01-21T06:13:15.019Z] ShutdownReqHand - _handle - About to shutdown
[INFO  - 2016-01-21T06:13:20.893Z] GhostDriver - Main - running on port 11904
[INFO  - 2016-01-21T06:13:21.430Z] Session [124ef790-c006-11e5-8c39-bf7eec812640] - page.settings - {"XSSAuditingEnabled":false,"javascriptCanCloseWindows":true,"javascriptCanOpenWindows":true,"javascriptEnabled":true,"loadImages":true,"localToRemoteUrlAccessEnabled":false,"userAgent":"Mozilla/5.0 (Windows NT 6.2; WOW64) AppleWebKit/534.34 (KHTML, like Gecko) PhantomJS/1.9.8 Safari/534.34","webSecurityEnabled":true}
[INFO  - 2016-01-21T06:13:21.430Z] Session [124ef790-c006-11e5-8c39-bf7eec812640] - page.customHeaders:  - {}
[INFO  - 2016-01-21T06:13:21.430Z] Session [124ef790-c006-11e5-8c39-bf7eec812640] - Session.negotiatedCapabilities - {"browserName":"phantomjs","version":"1.9.8","driverName":"ghostdriver","driverVersion":"1.1.0","platform":"windows-8-32bit","javascriptEnabled":true,"takesScreenshot":true,"handlesAlerts":false,"databaseEnabled":false,"locationContextEnabled":false,"applicationCacheEnabled":false,"browserConnectionEnabled":false,"cssSelectorsEnabled":true,"webStorageEnabled":false,"rotatable":false,"acceptSslCerts":false,"nativeEvents":true,"proxy":{"proxyType":"direct"}}
[INFO  - 2016-01-21T06:13:21.431Z] SessionManagerReqHand - _postNewSessionCommand - New Session Created: 124ef790-c006-11e5-8c39-bf7eec812640
[INFO  - 2016-01-21T06:13:22.414Z] ShutdownReqHand - _handle - About to shutdown
[INFO  - 2016-01-21T06:20:55.898Z] GhostDriver - Main - running on port 6060
[INFO  - 2016-01-21T06:20:56.441Z] Session [2183fbb0-c007-11e5-a3c2-af805cf0647b] - page.settings - {"XSSAuditingEnabled":false,"javascriptCanCloseWindows":true,"javascriptCanOpenWindows":true,"javascriptEnabled":true,"loadImages":true,"localToRemoteUrlAccessEnabled":false,"userAgent":"Mozilla/5.0 (Windows NT 6.2; WOW64) AppleWebKit/534.34 (KHTML, like Gecko) PhantomJS/1.9.8 Safari/534.34","webSecurityEnabled":true}
[INFO  - 2016-01-21T06:20:56.441Z] Session [2183fbb0-c007-11e5-a3c2-af805cf0647b] - page.customHeaders:  - {}
[INFO  - 2016-01-21T06:20:56.441Z] Session [2183fbb0-c007-11e5-a3c2-af805cf0647b] - Session.negotiatedCapabilities - {"browserName":"phantomjs","version":"1.9.8","driverName":"ghostdriver","driverVersion":"1.1.0","platform":"windows-8-32bit","javascriptEnabled":true,"takesScreenshot":true,"handlesAlerts":false,"databaseEnabled":false,"locationContextEnabled":false,"applicationCacheEnabled":false,"browserConnectionEnabled":false,"cssSelectorsEnabled":true,"webStorageEnabled":false,"rotatable":false,"acceptSslCerts":false,"nativeEvents":true,"proxy":{"proxyType":"direct"}}
[INFO  - 2016-01-21T06:20:56.442Z] SessionManagerReqHand - _postNewSessionCommand - New Session Created: 2183fbb0-c007-11e5-a3c2-af805cf0647b
[INFO  - 2016-01-21T06:20:57.143Z] ShutdownReqHand - _handle - About to shutdown
[INFO  - 2016-01-21T06:21:39.293Z] GhostDriver - Main - running on port 43185
[INFO  - 2016-01-21T06:21:39.830Z] Session [3b602950-c007-11e5-a560-35ea48fca199] - page.settings - {"XSSAuditingEnabled":false,"javascriptCanCloseWindows":true,"javascriptCanOpenWindows":true,"javascriptEnabled":true,"loadImages":true,"localToRemoteUrlAccessEnabled":false,"userAgent":"Mozilla/5.0 (Windows NT 6.2; WOW64) AppleWebKit/534.34 (KHTML, like Gecko) PhantomJS/1.9.8 Safari/534.34","webSecurityEnabled":true}
[INFO  - 2016-01-21T06:21:39.830Z] Session [3b602950-c007-11e5-a560-35ea48fca199] - page.customHeaders:  - {}
[INFO  - 2016-01-21T06:21:39.830Z] Session [3b602950-c007-11e5-a560-35ea48fca199] - Session.negotiatedCapabilities - {"browserName":"phantomjs","version":"1.9.8","driverName":"ghostdriver","driverVersion":"1.1.0","platform":"windows-8-32bit","javascriptEnabled":true,"takesScreenshot":true,"handlesAlerts":false,"databaseEnabled":false,"locationContextEnabled":false,"applicationCacheEnabled":false,"browserConnectionEnabled":false,"cssSelectorsEnabled":true,"webStorageEnabled":false,"rotatable":false,"acceptSslCerts":false,"nativeEvents":true,"proxy":{"proxyType":"direct"}}
[INFO  - 2016-01-21T06:21:39.831Z] SessionManagerReqHand - _postNewSessionCommand - New Session Created: 3b602950-c007-11e5-a560-35ea48fca199
[INFO  - 2016-01-21T06:21:40.731Z] ShutdownReqHand - _handle - About to shutdown
[INFO  - 2016-01-21T06:22:23.632Z] GhostDriver - Main - running on port 33412
[INFO  - 2016-01-21T06:22:24.141Z] Session [55ca6620-c007-11e5-b4e7-376e978d441c] - page.settings - {"XSSAuditingEnabled":false,"javascriptCanCloseWindows":true,"javascriptCanOpenWindows":true,"javascriptEnabled":true,"loadImages":true,"localToRemoteUrlAccessEnabled":false,"userAgent":"Mozilla/5.0 (Windows NT 6.2; WOW64) AppleWebKit/534.34 (KHTML, like Gecko) PhantomJS/1.9.8 Safari/534.34","webSecurityEnabled":true}
[INFO  - 2016-01-21T06:22:24.142Z] Session [55ca6620-c007-11e5-b4e7-376e978d441c] - page.customHeaders:  - {}
[INFO  - 2016-01-21T06:22:24.142Z] Session [55ca6620-c007-11e5-b4e7-376e978d441c] - Session.negotiatedCapabilities - {"browserName":"phantomjs","version":"1.9.8","driverName":"ghostdriver","driverVersion":"1.1.0","platform":"windows-8-32bit","javascriptEnabled":true,"takesScreenshot":true,"handlesAlerts":false,"databaseEnabled":false,"locationContextEnabled":false,"applicationCacheEnabled":false,"browserConnectionEnabled":false,"cssSelectorsEnabled":true,"webStorageEnabled":false,"rotatable":false,"acceptSslCerts":false,"nativeEvents":true,"proxy":{"proxyType":"direct"}}
[INFO  - 2016-01-21T06:22:24.142Z] SessionManagerReqHand - _postNewSessionCommand - New Session Created: 55ca6620-c007-11e5-b4e7-376e978d441c
[INFO  - 2016-01-21T06:22:24.897Z] ShutdownReqHand - _handle - About to shutdown
[INFO  - 2016-01-21T06:23:52.286Z] GhostDriver - Main - running on port 13722
[INFO  - 2016-01-21T06:23:52.804Z] Session [8aa2d760-c007-11e5-bb17-21b049ec5174] - page.settings - {"XSSAuditingEnabled":false,"javascriptCanCloseWindows":true,"javascriptCanOpenWindows":true,"javascriptEnabled":true,"loadImages":true,"localToRemoteUrlAccessEnabled":false,"userAgent":"Mozilla/5.0 (Windows NT 6.2; WOW64) AppleWebKit/534.34 (KHTML, like Gecko) PhantomJS/1.9.8 Safari/534.34","webSecurityEnabled":true}
[INFO  - 2016-01-21T06:23:52.804Z] Session [8aa2d760-c007-11e5-bb17-21b049ec5174] - page.customHeaders:  - {}
[INFO  - 2016-01-21T06:23:52.805Z] Session [8aa2d760-c007-11e5-bb17-21b049ec5174] - Session.negotiatedCapabilities - {"browserName":"phantomjs","version":"1.9.8","driverName":"ghostdriver","driverVersion":"1.1.0","platform":"windows-8-32bit","javascriptEnabled":true,"takesScreenshot":true,"handlesAlerts":false,"databaseEnabled":false,"locationContextEnabled":false,"applicationCacheEnabled":false,"browserConnectionEnabled":false,"cssSelectorsEnabled":true,"webStorageEnabled":false,"rotatable":false,"acceptSslCerts":false,"nativeEvents":true,"proxy":{"proxyType":"direct"}}
[INFO  - 2016-01-21T06:23:52.805Z] SessionManagerReqHand - _postNewSessionCommand - New Session Created: 8aa2d760-c007-11e5-bb17-21b049ec5174
[INFO  - 2016-01-21T06:23:53.830Z] ShutdownReqHand - _handle - About to shutdown
[INFO  - 2016-01-21T06:25:59.484Z] GhostDriver - Main - running on port 38893
[INFO  - 2016-01-21T06:25:59.933Z] Session [d6692ff0-c007-11e5-b18b-8f49be872384] - page.settings - {"XSSAuditingEnabled":false,"javascriptCanCloseWindows":true,"javascriptCanOpenWindows":true,"javascriptEnabled":true,"loadImages":true,"localToRemoteUrlAccessEnabled":false,"userAgent":"Mozilla/5.0 (Windows NT 6.2; WOW64) AppleWebKit/534.34 (KHTML, like Gecko) PhantomJS/1.9.8 Safari/534.34","webSecurityEnabled":true}
[INFO  - 2016-01-21T06:25:59.933Z] Session [d6692ff0-c007-11e5-b18b-8f49be872384] - page.customHeaders:  - {}
[INFO  - 2016-01-21T06:25:59.934Z] Session [d6692ff0-c007-11e5-b18b-8f49be872384] - Session.negotiatedCapabilities - {"browserName":"phantomjs","version":"1.9.8","driverName":"ghostdriver","driverVersion":"1.1.0","platform":"windows-8-32bit","javascriptEnabled":true,"takesScreenshot":true,"handlesAlerts":false,"databaseEnabled":false,"locationContextEnabled":false,"applicationCacheEnabled":false,"browserConnectionEnabled":false,"cssSelectorsEnabled":true,"webStorageEnabled":false,"rotatable":false,"acceptSslCerts":false,"nativeEvents":true,"proxy":{"proxyType":"direct"}}
[INFO  - 2016-01-21T06:25:59.934Z] SessionManagerReqHand - _postNewSessionCommand - New Session Created: d6692ff0-c007-11e5-b18b-8f49be872384
[INFO  - 2016-01-21T06:26:00.699Z] ShutdownReqHand - _handle - About to shutdown
[INFO  - 2016-01-21T06:29:35.605Z] GhostDriver - Main - running on port 46778
[INFO  - 2016-01-21T06:29:36.091Z] Session [574095f0-c008-11e5-b73d-6768f204c79d] - page.settings - {"XSSAuditingEnabled":false,"javascriptCanCloseWindows":true,"javascriptCanOpenWindows":true,"javascriptEnabled":true,"loadImages":true,"localToRemoteUrlAccessEnabled":false,"userAgent":"Mozilla/5.0 (Windows NT 6.2; WOW64) AppleWebKit/534.34 (KHTML, like Gecko) PhantomJS/1.9.8 Safari/534.34","webSecurityEnabled":true}
[INFO  - 2016-01-21T06:29:36.091Z] Session [574095f0-c008-11e5-b73d-6768f204c79d] - page.customHeaders:  - {}
[INFO  - 2016-01-21T06:29:36.092Z] Session [574095f0-c008-11e5-b73d-6768f204c79d] - Session.negotiatedCapabilities - {"browserName":"phantomjs","version":"1.9.8","driverName":"ghostdriver","driverVersion":"1.1.0","platform":"windows-8-32bit","javascriptEnabled":true,"takesScreenshot":true,"handlesAlerts":false,"databaseEnabled":false,"locationContextEnabled":false,"applicationCacheEnabled":false,"browserConnectionEnabled":false,"cssSelectorsEnabled":true,"webStorageEnabled":false,"rotatable":false,"acceptSslCerts":false,"nativeEvents":true,"proxy":{"proxyType":"direct"}}
[INFO  - 2016-01-21T06:29:36.092Z] SessionManagerReqHand - _postNewSessionCommand - New Session Created: 574095f0-c008-11e5-b73d-6768f204c79d
[INFO  - 2016-01-21T06:29:37.246Z] ShutdownReqHand - _handle - About to shutdown
[INFO  - 2016-01-21T06:36:00.899Z] GhostDriver - Main - running on port 30170
[INFO  - 2016-01-21T06:36:01.436Z] Session [3cef69f0-c009-11e5-ab48-6b971a189d17] - page.settings - {"XSSAuditingEnabled":false,"javascriptCanCloseWindows":true,"javascriptCanOpenWindows":true,"javascriptEnabled":true,"loadImages":true,"localToRemoteUrlAccessEnabled":false,"userAgent":"Mozilla/5.0 (Windows NT 6.2; WOW64) AppleWebKit/534.34 (KHTML, like Gecko) PhantomJS/1.9.8 Safari/534.34","webSecurityEnabled":true}
[INFO  - 2016-01-21T06:36:01.436Z] Session [3cef69f0-c009-11e5-ab48-6b971a189d17] - page.customHeaders:  - {}
[INFO  - 2016-01-21T06:36:01.436Z] Session [3cef69f0-c009-11e5-ab48-6b971a189d17] - Session.negotiatedCapabilities - {"browserName":"phantomjs","version":"1.9.8","driverName":"ghostdriver","driverVersion":"1.1.0","platform":"windows-8-32bit","javascriptEnabled":true,"takesScreenshot":true,"handlesAlerts":false,"databaseEnabled":false,"locationContextEnabled":false,"applicationCacheEnabled":false,"browserConnectionEnabled":false,"cssSelectorsEnabled":true,"webStorageEnabled":false,"rotatable":false,"acceptSslCerts":false,"nativeEvents":true,"proxy":{"proxyType":"direct"}}
[INFO  - 2016-01-21T06:36:01.436Z] SessionManagerReqHand - _postNewSessionCommand - New Session Created: 3cef69f0-c009-11e5-ab48-6b971a189d17
[INFO  - 2016-01-21T06:36:02.535Z] ShutdownReqHand - _handle - About to shutdown
[INFO  - 2016-01-31T05:46:50.370Z] GhostDriver - Main - running on port 8437
[INFO  - 2016-01-31T05:46:50.799Z] Session [065a5a80-c7de-11e5-a7c1-97dc11b51827] - page.settings - {"XSSAuditingEnabled":false,"javascriptCanCloseWindows":true,"javascriptCanOpenWindows":true,"javascriptEnabled":true,"loadImages":true,"localToRemoteUrlAccessEnabled":false,"userAgent":"Mozilla/5.0 (Unknown; Linux x86_64) AppleWebKit/534.34 (KHTML, like Gecko) PhantomJS/1.9.8 Safari/534.34","webSecurityEnabled":true}
[INFO  - 2016-01-31T05:46:50.800Z] Session [065a5a80-c7de-11e5-a7c1-97dc11b51827] - page.customHeaders:  - {}
[INFO  - 2016-01-31T05:46:50.800Z] Session [065a5a80-c7de-11e5-a7c1-97dc11b51827] - Session.negotiatedCapabilities - {"browserName":"phantomjs","version":"1.9.8","driverName":"ghostdriver","driverVersion":"1.1.0","platform":"linux-unknown-64bit","javascriptEnabled":true,"takesScreenshot":true,"handlesAlerts":false,"databaseEnabled":false,"locationContextEnabled":false,"applicationCacheEnabled":false,"browserConnectionEnabled":false,"cssSelectorsEnabled":true,"webStorageEnabled":false,"rotatable":false,"acceptSslCerts":false,"nativeEvents":true,"proxy":{"proxyType":"direct"}}
[INFO  - 2016-01-31T05:46:50.800Z] SessionManagerReqHand - _postNewSessionCommand - New Session Created: 065a5a80-c7de-11e5-a7c1-97dc11b51827
[INFO  - 2016-01-31T05:46:52.865Z] ShutdownReqHand - _handle - About to shutdown
[INFO  - 2016-01-31T06:52:49.362Z] GhostDriver - Main - running on port 6717
[INFO  - 2016-01-31T06:52:49.967Z] Session [3e326110-c7e7-11e5-b4e8-2b31cd451aac] - page.settings - {"XSSAuditingEnabled":false,"javascriptCanCloseWindows":true,"javascriptCanOpenWindows":true,"javascriptEnabled":true,"loadImages":true,"localToRemoteUrlAccessEnabled":false,"userAgent":"Mozilla/5.0 (Unknown; Linux x86_64) AppleWebKit/534.34 (KHTML, like Gecko) PhantomJS/1.9.8 Safari/534.34","webSecurityEnabled":true}
[INFO  - 2016-01-31T06:52:49.968Z] Session [3e326110-c7e7-11e5-b4e8-2b31cd451aac] - page.customHeaders:  - {}
[INFO  - 2016-01-31T06:52:49.970Z] Session [3e326110-c7e7-11e5-b4e8-2b31cd451aac] - Session.negotiatedCapabilities - {"browserName":"phantomjs","version":"1.9.8","driverName":"ghostdriver","driverVersion":"1.1.0","platform":"linux-unknown-64bit","javascriptEnabled":true,"takesScreenshot":true,"handlesAlerts":false,"databaseEnabled":false,"locationContextEnabled":false,"applicationCacheEnabled":false,"browserConnectionEnabled":false,"cssSelectorsEnabled":true,"webStorageEnabled":false,"rotatable":false,"acceptSslCerts":false,"nativeEvents":true,"proxy":{"proxyType":"direct"}}
[INFO  - 2016-01-31T06:52:49.971Z] SessionManagerReqHand - _postNewSessionCommand - New Session Created: 3e326110-c7e7-11e5-b4e8-2b31cd451aac
[INFO  - 2016-01-31T06:52:51.125Z] GhostDriver - Main - running on port 24593
[INFO  - 2016-01-31T06:52:51.550Z] Session [3f254c90-c7e7-11e5-b38f-8db510d66aca] - page.settings - {"XSSAuditingEnabled":false,"javascriptCanCloseWindows":true,"javascriptCanOpenWindows":true,"javascriptEnabled":true,"loadImages":true,"localToRemoteUrlAccessEnabled":false,"userAgent":"Mozilla/5.0 (Unknown; Linux x86_64) AppleWebKit/534.34 (KHTML, like Gecko) PhantomJS/1.9.8 Safari/534.34","webSecurityEnabled":true}
[INFO  - 2016-01-31T06:52:51.551Z] Session [3f254c90-c7e7-11e5-b38f-8db510d66aca] - page.customHeaders:  - {}
[INFO  - 2016-01-31T06:52:51.551Z] Session [3f254c90-c7e7-11e5-b38f-8db510d66aca] - Session.negotiatedCapabilities - {"browserName":"phantomjs","version":"1.9.8","driverName":"ghostdriver","driverVersion":"1.1.0","platform":"linux-unknown-64bit","javascriptEnabled":true,"takesScreenshot":true,"handlesAlerts":false,"databaseEnabled":false,"locationContextEnabled":false,"applicationCacheEnabled":false,"browserConnectionEnabled":false,"cssSelectorsEnabled":true,"webStorageEnabled":false,"rotatable":false,"acceptSslCerts":false,"nativeEvents":true,"proxy":{"proxyType":"direct"}}
[INFO  - 2016-01-31T06:52:51.552Z] SessionManagerReqHand - _postNewSessionCommand - New Session Created: 3f254c90-c7e7-11e5-b38f-8db510d66aca
[INFO  - 2016-01-31T06:52:52.726Z] GhostDriver - Main - running on port 26286
[INFO  - 2016-01-31T06:52:53.143Z] Session [40188630-c7e7-11e5-8577-4d2a97fcc3d3] - page.settings - {"XSSAuditingEnabled":false,"javascriptCanCloseWindows":true,"javascriptCanOpenWindows":true,"javascriptEnabled":true,"loadImages":true,"localToRemoteUrlAccessEnabled":false,"userAgent":"Mozilla/5.0 (Unknown; Linux x86_64) AppleWebKit/534.34 (KHTML, like Gecko) PhantomJS/1.9.8 Safari/534.34","webSecurityEnabled":true}
[INFO  - 2016-01-31T06:52:53.143Z] Session [40188630-c7e7-11e5-8577-4d2a97fcc3d3] - page.customHeaders:  - {}
[INFO  - 2016-01-31T06:52:53.143Z] Session [40188630-c7e7-11e5-8577-4d2a97fcc3d3] - Session.negotiatedCapabilities - {"browserName":"phantomjs","version":"1.9.8","driverName":"ghostdriver","driverVersion":"1.1.0","platform":"linux-unknown-64bit","javascriptEnabled":true,"takesScreenshot":true,"handlesAlerts":false,"databaseEnabled":false,"locationContextEnabled":false,"applicationCacheEnabled":false,"browserConnectionEnabled":false,"cssSelectorsEnabled":true,"webStorageEnabled":false,"rotatable":false,"acceptSslCerts":false,"nativeEvents":true,"proxy":{"proxyType":"direct"}}
[INFO  - 2016-01-31T06:52:53.144Z] SessionManagerReqHand - _postNewSessionCommand - New Session Created: 40188630-c7e7-11e5-8577-4d2a97fcc3d3
[INFO  - 2016-01-31T06:52:54.389Z] GhostDriver - Main - running on port 13932
[INFO  - 2016-01-31T06:52:54.790Z] Session [411360f0-c7e7-11e5-bd2e-b58ae74df0eb] - page.settings - {"XSSAuditingEnabled":false,"javascriptCanCloseWindows":true,"javascriptCanOpenWindows":true,"javascriptEnabled":true,"loadImages":true,"localToRemoteUrlAccessEnabled":false,"userAgent":"Mozilla/5.0 (Unknown; Linux x86_64) AppleWebKit/534.34 (KHTML, like Gecko) PhantomJS/1.9.8 Safari/534.34","webSecurityEnabled":true}
[INFO  - 2016-01-31T06:52:54.791Z] Session [411360f0-c7e7-11e5-bd2e-b58ae74df0eb] - page.customHeaders:  - {}
[INFO  - 2016-01-31T06:52:54.791Z] Session [411360f0-c7e7-11e5-bd2e-b58ae74df0eb] - Session.negotiatedCapabilities - {"browserName":"phantomjs","version":"1.9.8","driverName":"ghostdriver","driverVersion":"1.1.0","platform":"linux-unknown-64bit","javascriptEnabled":true,"takesScreenshot":true,"handlesAlerts":false,"databaseEnabled":false,"locationContextEnabled":false,"applicationCacheEnabled":false,"browserConnectionEnabled":false,"cssSelectorsEnabled":true,"webStorageEnabled":false,"rotatable":false,"acceptSslCerts":false,"nativeEvents":true,"proxy":{"proxyType":"direct"}}
[INFO  - 2016-01-31T06:52:54.796Z] SessionManagerReqHand - _postNewSessionCommand - New Session Created: 411360f0-c7e7-11e5-bd2e-b58ae74df0eb
[INFO  - 2016-01-31T06:52:55.930Z] GhostDriver - Main - running on port 20580
[INFO  - 2016-01-31T06:52:56.324Z] Session [41fd99e0-c7e7-11e5-8470-a55c42a05498] - page.settings - {"XSSAuditingEnabled":false,"javascriptCanCloseWindows":true,"javascriptCanOpenWindows":true,"javascriptEnabled":true,"loadImages":true,"localToRemoteUrlAccessEnabled":false,"userAgent":"Mozilla/5.0 (Unknown; Linux x86_64) AppleWebKit/534.34 (KHTML, like Gecko) PhantomJS/1.9.8 Safari/534.34","webSecurityEnabled":true}
[INFO  - 2016-01-31T06:52:56.324Z] Session [41fd99e0-c7e7-11e5-8470-a55c42a05498] - page.customHeaders:  - {}
[INFO  - 2016-01-31T06:52:56.324Z] Session [41fd99e0-c7e7-11e5-8470-a55c42a05498] - Session.negotiatedCapabilities - {"browserName":"phantomjs","version":"1.9.8","driverName":"ghostdriver","driverVersion":"1.1.0","platform":"linux-unknown-64bit","javascriptEnabled":true,"takesScreenshot":true,"handlesAlerts":false,"databaseEnabled":false,"locationContextEnabled":false,"applicationCacheEnabled":false,"browserConnectionEnabled":false,"cssSelectorsEnabled":true,"webStorageEnabled":false,"rotatable":false,"acceptSslCerts":false,"nativeEvents":true,"proxy":{"proxyType":"direct"}}
[INFO  - 2016-01-31T06:52:56.324Z] SessionManagerReqHand - _postNewSessionCommand - New Session Created: 41fd99e0-c7e7-11e5-8470-a55c42a05498
[INFO  - 2016-01-31T06:57:49.460Z] SessionManagerReqHand - _cleanupWindowlessSessions - Asynchronous Sessions clean-up phase starting NOW
[INFO  - 2016-01-31T06:57:51.220Z] SessionManagerReqHand - _cleanupWindowlessSessions - Asynchronous Sessions clean-up phase starting NOW
[INFO  - 2016-01-31T06:57:52.825Z] SessionManagerReqHand - _cleanupWindowlessSessions - Asynchronous Sessions clean-up phase starting NOW
[INFO  - 2016-01-31T06:57:54.485Z] SessionManagerReqHand - _cleanupWindowlessSessions - Asynchronous Sessions clean-up phase starting NOW
[INFO  - 2016-01-31T06:57:56.029Z] SessionManagerReqHand - _cleanupWindowlessSessions - Asynchronous Sessions clean-up phase starting NOW
[INFO  - 2016-01-31T07:02:49.545Z] SessionManagerReqHand - _cleanupWindowlessSessions - Asynchronous Sessions clean-up phase starting NOW
[INFO  - 2016-01-31T07:02:51.315Z] SessionManagerReqHand - _cleanupWindowlessSessions - Asynchronous Sessions clean-up phase starting NOW
[INFO  - 2016-01-31T07:02:52.924Z] SessionManagerReqHand - _cleanupWindowlessSessions - Asynchronous Sessions clean-up phase starting NOW
[INFO  - 2016-01-31T07:02:54.585Z] SessionManagerReqHand - _cleanupWindowlessSessions - Asynchronous Sessions clean-up phase starting NOW
[INFO  - 2016-01-31T07:02:56.124Z] SessionManagerReqHand - _cleanupWindowlessSessions - Asynchronous Sessions clean-up phase starting NOW
[INFO  - 2016-01-31T07:07:49.643Z] SessionManagerReqHand - _cleanupWindowlessSessions - Asynchronous Sessions clean-up phase starting NOW
[INFO  - 2016-01-31T07:07:51.413Z] SessionManagerReqHand - _cleanupWindowlessSessions - Asynchronous Sessions clean-up phase starting NOW
[INFO  - 2016-01-31T07:07:53.022Z] SessionManagerReqHand - _cleanupWindowlessSessions - Asynchronous Sessions clean-up phase starting NOW
[INFO  - 2016-01-31T07:07:54.685Z] SessionManagerReqHand - _cleanupWindowlessSessions - Asynchronous Sessions clean-up phase starting NOW
[INFO  - 2016-01-31T07:07:56.222Z] SessionManagerReqHand - _cleanupWindowlessSessions - Asynchronous Sessions clean-up phase starting NOW
[INFO  - 2016-01-31T07:12:49.742Z] SessionManagerReqHand - _cleanupWindowlessSessions - Asynchronous Sessions clean-up phase starting NOW
[INFO  - 2016-01-31T07:12:51.511Z] SessionManagerReqHand - _cleanupWindowlessSessions - Asynchronous Sessions clean-up phase starting NOW
[INFO  - 2016-01-31T07:12:53.121Z] SessionManagerReqHand - _cleanupWindowlessSessions - Asynchronous Sessions clean-up phase starting NOW
[INFO  - 2016-01-31T07:12:54.780Z] SessionManagerReqHand - _cleanupWindowlessSessions - Asynchronous Sessions clean-up phase starting NOW
[INFO  - 2016-01-31T07:12:56.319Z] SessionManagerReqHand - _cleanupWindowlessSessions - Asynchronous Sessions clean-up phase starting NOW
[INFO  - 2016-01-31T07:17:49.842Z] SessionManagerReqHand - _cleanupWindowlessSessions - Asynchronous Sessions clean-up phase starting NOW
[INFO  - 2016-01-31T07:17:51.612Z] SessionManagerReqHand - _cleanupWindowlessSessions - Asynchronous Sessions clean-up phase starting NOW
[INFO  - 2016-01-31T07:17:53.220Z] SessionManagerReqHand - _cleanupWindowlessSessions - Asynchronous Sessions clean-up phase starting NOW
[INFO  - 2016-01-31T07:17:54.876Z] SessionManagerReqHand - _cleanupWindowlessSessions - Asynchronous Sessions clean-up phase starting NOW
[INFO  - 2016-01-31T07:17:56.419Z] SessionManagerReqHand - _cleanupWindowlessSessions - Asynchronous Sessions clean-up phase starting NOW
[INFO  - 2016-01-31T07:22:49.941Z] SessionManagerReqHand - _cleanupWindowlessSessions - Asynchronous Sessions clean-up phase starting NOW
[INFO  - 2016-01-31T07:22:51.711Z] SessionManagerReqHand - _cleanupWindowlessSessions - Asynchronous Sessions clean-up phase starting NOW
[INFO  - 2016-01-31T07:22:53.318Z] SessionManagerReqHand - _cleanupWindowlessSessions - Asynchronous Sessions clean-up phase starting NOW
[INFO  - 2016-01-31T07:22:54.973Z] SessionManagerReqHand - _cleanupWindowlessSessions - Asynchronous Sessions clean-up phase starting NOW
[INFO  - 2016-01-31T07:22:56.404Z] ShutdownReqHand - _handle - About to shutdown
[INFO  - 2016-01-31T07:22:56.518Z] SessionManagerReqHand - _cleanupWindowlessSessions - Asynchronous Sessions clean-up phase starting NOW
[INFO  - 2016-01-31T07:22:56.982Z] ShutdownReqHand - _handle - About to shutdown
[INFO  - 2016-01-31T07:22:57.547Z] ShutdownReqHand - _handle - About to shutdown
[INFO  - 2016-01-31T07:22:58.123Z] ShutdownReqHand - _handle - About to shutdown
[INFO  - 2016-01-31T07:22:58.702Z] ShutdownReqHand - _handle - About to shutdown
[INFO  - 2016-02-02T01:29:03.851Z] GhostDriver - Main - running on port 19470
[INFO  - 2016-02-02T01:29:04.380Z] Session [5878d700-c94c-11e5-9d8b-35fc403d31ae] - page.settings - {"XSSAuditingEnabled":false,"javascriptCanCloseWindows":true,"javascriptCanOpenWindows":true,"javascriptEnabled":true,"loadImages":true,"localToRemoteUrlAccessEnabled":false,"userAgent":"Mozilla/5.0 (Unknown; Linux x86_64) AppleWebKit/534.34 (KHTML, like Gecko) PhantomJS/1.9.8 Safari/534.34","webSecurityEnabled":true}
[INFO  - 2016-02-02T01:29:04.381Z] Session [5878d700-c94c-11e5-9d8b-35fc403d31ae] - page.customHeaders:  - {}
[INFO  - 2016-02-02T01:29:04.381Z] Session [5878d700-c94c-11e5-9d8b-35fc403d31ae] - Session.negotiatedCapabilities - {"browserName":"phantomjs","version":"1.9.8","driverName":"ghostdriver","driverVersion":"1.1.0","platform":"linux-unknown-64bit","javascriptEnabled":true,"takesScreenshot":true,"handlesAlerts":false,"databaseEnabled":false,"locationContextEnabled":false,"applicationCacheEnabled":false,"browserConnectionEnabled":false,"cssSelectorsEnabled":true,"webStorageEnabled":false,"rotatable":false,"acceptSslCerts":false,"nativeEvents":true,"proxy":{"proxyType":"direct"}}
[INFO  - 2016-02-02T01:29:04.382Z] SessionManagerReqHand - _postNewSessionCommand - New Session Created: 5878d700-c94c-11e5-9d8b-35fc403d31ae
[INFO  - 2016-02-02T01:29:05.564Z] GhostDriver - Main - running on port 1528
[INFO  - 2016-02-02T01:29:05.991Z] Session [596e81a0-c94c-11e5-bf9a-35c1d39d6fc9] - page.settings - {"XSSAuditingEnabled":false,"javascriptCanCloseWindows":true,"javascriptCanOpenWindows":true,"javascriptEnabled":true,"loadImages":true,"localToRemoteUrlAccessEnabled":false,"userAgent":"Mozilla/5.0 (Unknown; Linux x86_64) AppleWebKit/534.34 (KHTML, like Gecko) PhantomJS/1.9.8 Safari/534.34","webSecurityEnabled":true}
[INFO  - 2016-02-02T01:29:05.991Z] Session [596e81a0-c94c-11e5-bf9a-35c1d39d6fc9] - page.customHeaders:  - {}
[INFO  - 2016-02-02T01:29:05.991Z] Session [596e81a0-c94c-11e5-bf9a-35c1d39d6fc9] - Session.negotiatedCapabilities - {"browserName":"phantomjs","version":"1.9.8","driverName":"ghostdriver","driverVersion":"1.1.0","platform":"linux-unknown-64bit","javascriptEnabled":true,"takesScreenshot":true,"handlesAlerts":false,"databaseEnabled":false,"locationContextEnabled":false,"applicationCacheEnabled":false,"browserConnectionEnabled":false,"cssSelectorsEnabled":true,"webStorageEnabled":false,"rotatable":false,"acceptSslCerts":false,"nativeEvents":true,"proxy":{"proxyType":"direct"}}
[INFO  - 2016-02-02T01:29:05.992Z] SessionManagerReqHand - _postNewSessionCommand - New Session Created: 596e81a0-c94c-11e5-bf9a-35c1d39d6fc9
[INFO  - 2016-02-02T01:29:07.536Z] GhostDriver - Main - running on port 18645
[INFO  - 2016-02-02T01:29:07.852Z] Session [5a894070-c94c-11e5-a3f0-99881f28df4f] - page.settings - {"XSSAuditingEnabled":false,"javascriptCanCloseWindows":true,"javascriptCanOpenWindows":true,"javascriptEnabled":true,"loadImages":true,"localToRemoteUrlAccessEnabled":false,"userAgent":"Mozilla/5.0 (Unknown; Linux x86_64) AppleWebKit/534.34 (KHTML, like Gecko) PhantomJS/1.9.8 Safari/534.34","webSecurityEnabled":true}
[INFO  - 2016-02-02T01:29:07.853Z] Session [5a894070-c94c-11e5-a3f0-99881f28df4f] - page.customHeaders:  - {}
[INFO  - 2016-02-02T01:29:07.853Z] Session [5a894070-c94c-11e5-a3f0-99881f28df4f] - Session.negotiatedCapabilities - {"browserName":"phantomjs","version":"1.9.8","driverName":"ghostdriver","driverVersion":"1.1.0","platform":"linux-unknown-64bit","javascriptEnabled":true,"takesScreenshot":true,"handlesAlerts":false,"databaseEnabled":false,"locationContextEnabled":false,"applicationCacheEnabled":false,"browserConnectionEnabled":false,"cssSelectorsEnabled":true,"webStorageEnabled":false,"rotatable":false,"acceptSslCerts":false,"nativeEvents":true,"proxy":{"proxyType":"direct"}}
[INFO  - 2016-02-02T01:29:07.853Z] SessionManagerReqHand - _postNewSessionCommand - New Session Created: 5a894070-c94c-11e5-a3f0-99881f28df4f
[INFO  - 2016-02-02T01:29:09.827Z] GhostDriver - Main - running on port 22675
[INFO  - 2016-02-02T01:29:10.281Z] Session [5bfc0a50-c94c-11e5-bf97-a9e75d8df5fb] - page.settings - {"XSSAuditingEnabled":false,"javascriptCanCloseWindows":true,"javascriptCanOpenWindows":true,"javascriptEnabled":true,"loadImages":true,"localToRemoteUrlAccessEnabled":false,"userAgent":"Mozilla/5.0 (Unknown; Linux x86_64) AppleWebKit/534.34 (KHTML, like Gecko) PhantomJS/1.9.8 Safari/534.34","webSecurityEnabled":true}
[INFO  - 2016-02-02T01:29:10.282Z] Session [5bfc0a50-c94c-11e5-bf97-a9e75d8df5fb] - page.customHeaders:  - {}
[INFO  - 2016-02-02T01:29:10.293Z] Session [5bfc0a50-c94c-11e5-bf97-a9e75d8df5fb] - Session.negotiatedCapabilities - {"browserName":"phantomjs","version":"1.9.8","driverName":"ghostdriver","driverVersion":"1.1.0","platform":"linux-unknown-64bit","javascriptEnabled":true,"takesScreenshot":true,"handlesAlerts":false,"databaseEnabled":false,"locationContextEnabled":false,"applicationCacheEnabled":false,"browserConnectionEnabled":false,"cssSelectorsEnabled":true,"webStorageEnabled":false,"rotatable":false,"acceptSslCerts":false,"nativeEvents":true,"proxy":{"proxyType":"direct"}}
[INFO  - 2016-02-02T01:29:10.294Z] SessionManagerReqHand - _postNewSessionCommand - New Session Created: 5bfc0a50-c94c-11e5-bf97-a9e75d8df5fb
[INFO  - 2016-02-02T01:29:11.801Z] GhostDriver - Main - running on port 31699
[INFO  - 2016-02-02T01:29:12.200Z] Session [5d2288f0-c94c-11e5-b846-fb4b59266f74] - page.settings - {"XSSAuditingEnabled":false,"javascriptCanCloseWindows":true,"javascriptCanOpenWindows":true,"javascriptEnabled":true,"loadImages":true,"localToRemoteUrlAccessEnabled":false,"userAgent":"Mozilla/5.0 (Unknown; Linux x86_64) AppleWebKit/534.34 (KHTML, like Gecko) PhantomJS/1.9.8 Safari/534.34","webSecurityEnabled":true}
[INFO  - 2016-02-02T01:29:12.200Z] Session [5d2288f0-c94c-11e5-b846-fb4b59266f74] - page.customHeaders:  - {}
[INFO  - 2016-02-02T01:29:12.200Z] Session [5d2288f0-c94c-11e5-b846-fb4b59266f74] - Session.negotiatedCapabilities - {"browserName":"phantomjs","version":"1.9.8","driverName":"ghostdriver","driverVersion":"1.1.0","platform":"linux-unknown-64bit","javascriptEnabled":true,"takesScreenshot":true,"handlesAlerts":false,"databaseEnabled":false,"locationContextEnabled":false,"applicationCacheEnabled":false,"browserConnectionEnabled":false,"cssSelectorsEnabled":true,"webStorageEnabled":false,"rotatable":false,"acceptSslCerts":false,"nativeEvents":true,"proxy":{"proxyType":"direct"}}
[INFO  - 2016-02-02T01:29:12.201Z] SessionManagerReqHand - _postNewSessionCommand - New Session Created: 5d2288f0-c94c-11e5-b846-fb4b59266f74
[INFO  - 2016-02-02T01:34:03.930Z] SessionManagerReqHand - _cleanupWindowlessSessions - Asynchronous Sessions clean-up phase starting NOW
[INFO  - 2016-02-02T01:34:05.658Z] SessionManagerReqHand - _cleanupWindowlessSessions - Asynchronous Sessions clean-up phase starting NOW
[INFO  - 2016-02-02T01:34:07.634Z] SessionManagerReqHand - _cleanupWindowlessSessions - Asynchronous Sessions clean-up phase starting NOW
[INFO  - 2016-02-02T01:34:09.922Z] SessionManagerReqHand - _cleanupWindowlessSessions - Asynchronous Sessions clean-up phase starting NOW
[INFO  - 2016-02-02T01:34:11.898Z] SessionManagerReqHand - _cleanupWindowlessSessions - Asynchronous Sessions clean-up phase starting NOW
[INFO  - 2016-02-02T01:39:04.030Z] SessionManagerReqHand - _cleanupWindowlessSessions - Asynchronous Sessions clean-up phase starting NOW
[INFO  - 2016-02-02T01:39:05.756Z] SessionManagerReqHand - _cleanupWindowlessSessions - Asynchronous Sessions clean-up phase starting NOW
[INFO  - 2016-02-02T01:39:07.740Z] SessionManagerReqHand - _cleanupWindowlessSessions - Asynchronous Sessions clean-up phase starting NOW
[INFO  - 2016-02-02T01:39:10.017Z] SessionManagerReqHand - _cleanupWindowlessSessions - Asynchronous Sessions clean-up phase starting NOW
[INFO  - 2016-02-02T01:39:11.989Z] SessionManagerReqHand - _cleanupWindowlessSessions - Asynchronous Sessions clean-up phase starting NOW
[INFO  - 2016-02-02T01:44:04.129Z] SessionManagerReqHand - _cleanupWindowlessSessions - Asynchronous Sessions clean-up phase starting NOW
[INFO  - 2016-02-02T01:44:05.855Z] SessionManagerReqHand - _cleanupWindowlessSessions - Asynchronous Sessions clean-up phase starting NOW
[INFO  - 2016-02-02T01:44:07.839Z] SessionManagerReqHand - _cleanupWindowlessSessions - Asynchronous Sessions clean-up phase starting NOW
[INFO  - 2016-02-02T01:44:10.117Z] SessionManagerReqHand - _cleanupWindowlessSessions - Asynchronous Sessions clean-up phase starting NOW
[INFO  - 2016-02-02T01:44:12.088Z] SessionManagerReqHand - _cleanupWindowlessSessions - Asynchronous Sessions clean-up phase starting NOW
[INFO  - 2016-02-02T01:49:04.227Z] SessionManagerReqHand - _cleanupWindowlessSessions - Asynchronous Sessions clean-up phase starting NOW
[INFO  - 2016-02-02T01:49:05.953Z] SessionManagerReqHand - _cleanupWindowlessSessions - Asynchronous Sessions clean-up phase starting NOW
[INFO  - 2016-02-02T01:49:07.937Z] SessionManagerReqHand - _cleanupWindowlessSessions - Asynchronous Sessions clean-up phase starting NOW
[INFO  - 2016-02-02T01:49:10.217Z] SessionManagerReqHand - _cleanupWindowlessSessions - Asynchronous Sessions clean-up phase starting NOW
[INFO  - 2016-02-02T01:49:12.186Z] SessionManagerReqHand - _cleanupWindowlessSessions - Asynchronous Sessions clean-up phase starting NOW
[INFO  - 2016-02-02T01:54:04.326Z] SessionManagerReqHand - _cleanupWindowlessSessions - Asynchronous Sessions clean-up phase starting NOW
[INFO  - 2016-02-02T01:54:06.045Z] SessionManagerReqHand - _cleanupWindowlessSessions - Asynchronous Sessions clean-up phase starting NOW
[INFO  - 2016-02-02T01:54:08.036Z] SessionManagerReqHand - _cleanupWindowlessSessions - Asynchronous Sessions clean-up phase starting NOW
[INFO  - 2016-02-02T01:54:10.312Z] SessionManagerReqHand - _cleanupWindowlessSessions - Asynchronous Sessions clean-up phase starting NOW
[INFO  - 2016-02-02T01:54:12.287Z] SessionManagerReqHand - _cleanupWindowlessSessions - Asynchronous Sessions clean-up phase starting NOW
[INFO  - 2016-02-02T01:59:04.418Z] SessionManagerReqHand - _cleanupWindowlessSessions - Asynchronous Sessions clean-up phase starting NOW
[INFO  - 2016-02-02T01:59:06.144Z] SessionManagerReqHand - _cleanupWindowlessSessions - Asynchronous Sessions clean-up phase starting NOW
[INFO  - 2016-02-02T01:59:08.133Z] SessionManagerReqHand - _cleanupWindowlessSessions - Asynchronous Sessions clean-up phase starting NOW
[INFO  - 2016-02-02T01:59:10.400Z] SessionManagerReqHand - _cleanupWindowlessSessions - Asynchronous Sessions clean-up phase starting NOW
[INFO  - 2016-02-02T01:59:12.387Z] SessionManagerReqHand - _cleanupWindowlessSessions - Asynchronous Sessions clean-up phase starting NOW
[INFO  - 2016-02-02T02:01:47.874Z] ShutdownReqHand - _handle - About to shutdown
[INFO  - 2016-02-02T02:01:48.463Z] ShutdownReqHand - _handle - About to shutdown
[INFO  - 2016-02-02T02:01:49.038Z] ShutdownReqHand - _handle - About to shutdown
[INFO  - 2016-02-02T02:01:49.621Z] ShutdownReqHand - _handle - About to shutdown
[INFO  - 2016-02-02T02:01:50.186Z] ShutdownReqHand - _handle - About to shutdown
